2014-07-27 10:39:20,926 ERROR [Worker-6] - System.err - SLF4J: Failed to load class "org.slf4j.impl.StaticLoggerBinder".
2014-07-27 10:39:20,927 ERROR [Worker-6] - System.err - SLF4J: Defaulting to no-operation (NOP) logger implementation
2014-07-27 10:39:20,927 ERROR [Worker-6] - System.err - SLF4J: See http://www.slf4j.org/codes.html#StaticLoggerBinder for further details.
2014-07-27 10:40:56,696 ERROR [Worker-4] - System.err - SLF4J: Failed to load class "org.slf4j.impl.StaticLoggerBinder".
2014-07-27 10:40:56,696 ERROR [Worker-4] - System.err - SLF4J: Defaulting to no-operation (NOP) logger implementation
2014-07-27 10:40:56,697 ERROR [Worker-4] - System.err - SLF4J: See http://www.slf4j.org/codes.html#StaticLoggerBinder for further details.
2014-07-27 11:17:32,931  WARN [ModalContext] - ImplicitHighlightingPresenter - Timeout while waiting for `askLoadedTyped` during implicit highlighting.
2014-07-27 11:20:51,685  WARN [ModalContext] - ImplicitHighlightingPresenter - Timeout while waiting for `askLoadedTyped` during implicit highlighting.
2014-07-27 11:28:20,443 ERROR [Worker-11] - System.err - SLF4J: Failed to load class "org.slf4j.impl.StaticLoggerBinder".
2014-07-27 11:28:20,443 ERROR [Worker-11] - System.err - SLF4J: Defaulting to no-operation (NOP) logger implementation
2014-07-27 11:28:20,443 ERROR [Worker-11] - System.err - SLF4J: See http://www.slf4j.org/codes.html#StaticLoggerBinder for further details.
2014-07-27 11:30:41,049 ERROR [Scala Presentation Compiler [S99]] - System.err - scala.MatchError: false (of class scala.reflect.internal.Trees$Literal)
2014-07-27 11:30:41,050 ERROR [Scala Presentation Compiler [S99]] - System.err - at scala.tools.nsc.typechecker.Macros$MacroImplBinding$.unpickleAtom(Macros.scala:118)
2014-07-27 11:30:41,050 ERROR [Scala Presentation Compiler [S99]] - System.err - at scala.tools.nsc.typechecker.Macros$MacroImplBinding$$anonfun$6.apply(Macros.scala:186)
2014-07-27 11:30:41,050 ERROR [Scala Presentation Compiler [S99]] - System.err - at scala.tools.nsc.typechecker.Macros$MacroImplBinding$$anonfun$6.apply(Macros.scala:186)
2014-07-27 11:30:41,050 ERROR [Scala Presentation Compiler [S99]] - System.err - at scala.collection.TraversableLike$$anonfun$map$1.apply(TraversableLike.scala:244)
2014-07-27 11:30:41,050 ERROR [Scala Presentation Compiler [S99]] - System.err - at scala.collection.TraversableLike$$anonfun$map$1.apply(TraversableLike.scala:244)
2014-07-27 11:30:41,050 ERROR [Scala Presentation Compiler [S99]] - System.err - at scala.collection.immutable.List.foreach(List.scala:318)
2014-07-27 11:30:41,050 ERROR [Scala Presentation Compiler [S99]] - System.err - at scala.collection.TraversableLike$class.map(TraversableLike.scala:244)
2014-07-27 11:30:41,050 ERROR [Scala Presentation Compiler [S99]] - System.err - at scala.collection.AbstractTraversable.map(Traversable.scala:105)
2014-07-27 11:30:41,050 ERROR [Scala Presentation Compiler [S99]] - System.err - at scala.tools.nsc.typechecker.Macros$MacroImplBinding$.unpickle(Macros.scala:186)
2014-07-27 11:30:41,050 ERROR [Scala Presentation Compiler [S99]] - System.err - at scala.tools.nsc.typechecker.Macros$class.scala$tools$nsc$typechecker$Macros$$loadMacroImplBinding(Macros.scala:205)
2014-07-27 11:30:41,051 ERROR [Scala Presentation Compiler [S99]] - System.err - at scala.tools.nsc.typechecker.Macros$$anonfun$scala$tools$nsc$typechecker$Macros$$macroRuntime$3.apply(Macros.scala:522)
2014-07-27 11:30:41,051 ERROR [Scala Presentation Compiler [S99]] - System.err - at scala.tools.nsc.typechecker.Macros$$anonfun$scala$tools$nsc$typechecker$Macros$$macroRuntime$3.apply(Macros.scala:521)
2014-07-27 11:30:41,051 ERROR [Scala Presentation Compiler [S99]] - System.err - at scala.collection.mutable.MapLike$class.getOrElseUpdate(MapLike.scala:189)
2014-07-27 11:30:41,051 ERROR [Scala Presentation Compiler [S99]] - System.err - at scala.collection.mutable.AbstractMap.getOrElseUpdate(Map.scala:91)
2014-07-27 11:30:41,051 ERROR [Scala Presentation Compiler [S99]] - System.err - at scala.tools.nsc.typechecker.Macros$class.scala$tools$nsc$typechecker$Macros$$macroRuntime(Macros.scala:521)
2014-07-27 11:30:41,051 ERROR [Scala Presentation Compiler [S99]] - System.err - at scala.tools.nsc.typechecker.Macros$$anonfun$scala$tools$nsc$typechecker$Macros$$macroExpand1$1.apply(Macros.scala:795)
2014-07-27 11:30:41,051 ERROR [Scala Presentation Compiler [S99]] - System.err - at scala.tools.nsc.typechecker.Macros$$anonfun$scala$tools$nsc$typechecker$Macros$$macroExpand1$1.apply(Macros.scala:787)
2014-07-27 11:30:41,051 ERROR [Scala Presentation Compiler [S99]] - System.err - at scala.tools.nsc.Global.withInfoLevel(Global.scala:190)
2014-07-27 11:30:41,051 ERROR [Scala Presentation Compiler [S99]] - System.err - at scala.tools.nsc.typechecker.Macros$class.scala$tools$nsc$typechecker$Macros$$macroExpand1(Macros.scala:787)
2014-07-27 11:30:41,051 ERROR [Scala Presentation Compiler [S99]] - System.err - at scala.tools.nsc.typechecker.Macros$class.macroExpand(Macros.scala:701)
2014-07-27 11:30:41,051 ERROR [Scala Presentation Compiler [S99]] - System.err - at scala.tools.nsc.Global$$anon$1.macroExpand(Global.scala:493)
2014-07-27 11:30:41,051 ERROR [Scala Presentation Compiler [S99]] - System.err - at scala.tools.nsc.typechecker.Typers$Typer.adapt(Typers.scala:1152)
2014-07-27 11:30:41,051 ERROR [Scala Presentation Compiler [S99]] - System.err - at scala.tools.nsc.typechecker.Typers$Typer.typed(Typers.scala:5660)
2014-07-27 11:30:41,051 ERROR [Scala Presentation Compiler [S99]] - System.err - at scala.tools.nsc.typechecker.Typers$Typer.typedBlock(Typers.scala:2433)
2014-07-27 11:30:41,051 ERROR [Scala Presentation Compiler [S99]] - System.err - at scala.tools.nsc.typechecker.Typers$Typer.typed1(Typers.scala:5570)
2014-07-27 11:30:41,051 ERROR [Scala Presentation Compiler [S99]] - System.err - at scala.tools.nsc.typechecker.Typers$Typer.typed(Typers.scala:5642)
2014-07-27 11:30:41,051 ERROR [Scala Presentation Compiler [S99]] - System.err - at scala.tools.nsc.typechecker.Typers$Typer.typedArg(Typers.scala:3042)
2014-07-27 11:30:41,052 ERROR [Scala Presentation Compiler [S99]] - System.err - at scala.tools.nsc.typechecker.Typers$Typer.loop$1(Typers.scala:3069)
2014-07-27 11:30:41,052 ERROR [Scala Presentation Compiler [S99]] - System.err - at scala.tools.nsc.typechecker.Typers$Typer.typedArgs(Typers.scala:3074)
2014-07-27 11:30:41,052 ERROR [Scala Presentation Compiler [S99]] - System.err - at scala.tools.nsc.typechecker.Typers$Typer.scala$tools$nsc$typechecker$Typers$Typer$$handleMonomorphicCall$1(Typers.scala:3354)
2014-07-27 11:30:41,052 ERROR [Scala Presentation Compiler [S99]] - System.err - at scala.tools.nsc.typechecker.Typers$Typer.doTypedApply(Typers.scala:3398)
2014-07-27 11:30:41,052 ERROR [Scala Presentation Compiler [S99]] - System.err - at scala.tools.nsc.typechecker.Typers$Typer.normalTypedApply$1(Typers.scala:4627)
2014-07-27 11:30:41,052 ERROR [Scala Presentation Compiler [S99]] - System.err - at scala.tools.nsc.typechecker.Typers$Typer.typedApply$1(Typers.scala:4659)
2014-07-27 11:30:41,052 ERROR [Scala Presentation Compiler [S99]] - System.err - at scala.tools.nsc.typechecker.Typers$Typer.typed1(Typers.scala:5564)
2014-07-27 11:30:41,052 ERROR [Scala Presentation Compiler [S99]] - System.err - at scala.tools.nsc.typechecker.Typers$Typer.typed(Typers.scala:5642)
2014-07-27 11:30:41,052 ERROR [Scala Presentation Compiler [S99]] - System.err - at scala.tools.nsc.typechecker.Typers$Typer.scala$tools$nsc$typechecker$Typers$Typer$$typedStat$1(Typers.scala:2928)
2014-07-27 11:30:41,052 ERROR [Scala Presentation Compiler [S99]] - System.err - at scala.tools.nsc.typechecker.Typers$Typer$$anonfun$61.apply(Typers.scala:3032)
2014-07-27 11:30:41,052 ERROR [Scala Presentation Compiler [S99]] - System.err - at scala.tools.nsc.typechecker.Typers$Typer$$anonfun$61.apply(Typers.scala:3032)
2014-07-27 11:30:41,052 ERROR [Scala Presentation Compiler [S99]] - System.err - at scala.collection.immutable.List.loop$1(List.scala:170)
2014-07-27 11:30:41,052 ERROR [Scala Presentation Compiler [S99]] - System.err - at scala.collection.immutable.List.mapConserve(List.scala:186)
2014-07-27 11:30:41,052 ERROR [Scala Presentation Compiler [S99]] - System.err - at scala.tools.nsc.typechecker.Typers$Typer.typedStats(Typers.scala:3032)
2014-07-27 11:30:41,052 ERROR [Scala Presentation Compiler [S99]] - System.err - at scala.tools.nsc.typechecker.Typers$Typer.typedTemplate(Typers.scala:1919)
2014-07-27 11:30:41,052 ERROR [Scala Presentation Compiler [S99]] - System.err - at scala.tools.nsc.typechecker.Typers$Typer.typedClassDef(Typers.scala:1759)
2014-07-27 11:30:41,052 ERROR [Scala Presentation Compiler [S99]] - System.err - at scala.tools.nsc.typechecker.Typers$Typer.typed1(Typers.scala:5583)
2014-07-27 11:30:41,052 ERROR [Scala Presentation Compiler [S99]] - System.err - at scala.tools.nsc.typechecker.Typers$Typer.typed(Typers.scala:5642)
2014-07-27 11:30:41,052 ERROR [Scala Presentation Compiler [S99]] - System.err - at scala.tools.nsc.typechecker.Typers$Typer.scala$tools$nsc$typechecker$Typers$Typer$$typedStat$1(Typers.scala:2928)
2014-07-27 11:30:41,052 ERROR [Scala Presentation Compiler [S99]] - System.err - at scala.tools.nsc.typechecker.Typers$Typer$$anonfun$61.apply(Typers.scala:3032)
2014-07-27 11:30:41,053 ERROR [Scala Presentation Compiler [S99]] - System.err - at scala.tools.nsc.typechecker.Typers$Typer$$anonfun$61.apply(Typers.scala:3032)
2014-07-27 11:30:41,053 ERROR [Scala Presentation Compiler [S99]] - System.err - at scala.collection.immutable.List.loop$1(List.scala:170)
2014-07-27 11:30:41,053 ERROR [Scala Presentation Compiler [S99]] - System.err - at scala.collection.immutable.List.mapConserve(List.scala:186)
2014-07-27 11:30:41,053 ERROR [Scala Presentation Compiler [S99]] - System.err - at scala.tools.nsc.typechecker.Typers$Typer.typedStats(Typers.scala:3032)
2014-07-27 11:30:41,053 ERROR [Scala Presentation Compiler [S99]] - System.err - at scala.tools.nsc.typechecker.Typers$Typer.typedPackageDef$1(Typers.scala:5301)
2014-07-27 11:30:41,053 ERROR [Scala Presentation Compiler [S99]] - System.err - at scala.tools.nsc.typechecker.Typers$Typer.typed1(Typers.scala:5587)
2014-07-27 11:30:41,053 ERROR [Scala Presentation Compiler [S99]] - System.err - at scala.tools.nsc.typechecker.Typers$Typer.typed(Typers.scala:5642)
2014-07-27 11:30:41,053 ERROR [Scala Presentation Compiler [S99]] - System.err - at scala.tools.nsc.typechecker.Typers$Typer.typed(Typers.scala:5704)
2014-07-27 11:30:41,053 ERROR [Scala Presentation Compiler [S99]] - System.err - at scala.tools.nsc.typechecker.Analyzer$typerFactory$$anon$3.apply(Analyzer.scala:99)
2014-07-27 11:30:41,054 ERROR [Scala Presentation Compiler [S99]] - System.err - at scala.tools.nsc.Global$GlobalPhase.applyPhase(Global.scala:464)
2014-07-27 11:30:41,054 ERROR [Scala Presentation Compiler [S99]] - System.err - at scala.tools.nsc.interactive.Global$TyperRun$$anonfun$applyPhase$1.apply(Global.scala:1173)
2014-07-27 11:30:41,054 ERROR [Scala Presentation Compiler [S99]] - System.err - at scala.tools.nsc.interactive.Global$TyperRun$$anonfun$applyPhase$1.apply(Global.scala:1173)
2014-07-27 11:30:41,054 ERROR [Scala Presentation Compiler [S99]] - System.err - at scala.reflect.internal.SymbolTable.atPhase(SymbolTable.scala:207)
2014-07-27 11:30:41,054 ERROR [Scala Presentation Compiler [S99]] - System.err - at scala.tools.nsc.interactive.Global$TyperRun.applyPhase(Global.scala:1173)
2014-07-27 11:30:41,054 ERROR [Scala Presentation Compiler [S99]] - System.err - at scala.tools.nsc.interactive.Global$TyperRun.typeCheck(Global.scala:1166)
2014-07-27 11:30:41,054 ERROR [Scala Presentation Compiler [S99]] - System.err - at scala.tools.nsc.interactive.Global.scala$tools$nsc$interactive$Global$$typeCheck(Global.scala:592)
2014-07-27 11:30:41,054 ERROR [Scala Presentation Compiler [S99]] - System.err - at scala.tools.nsc.interactive.Global$$anonfun$backgroundCompile$5$$anonfun$apply$7.apply(Global.scala:508)
2014-07-27 11:30:41,054 ERROR [Scala Presentation Compiler [S99]] - System.err - at scala.tools.nsc.interactive.Global$$anonfun$backgroundCompile$5.apply(Global.scala:504)
2014-07-27 11:30:41,054 ERROR [Scala Presentation Compiler [S99]] - System.err - at scala.tools.nsc.interactive.Global$$anonfun$backgroundCompile$5.apply(Global.scala:504)
2014-07-27 11:30:41,054 ERROR [Scala Presentation Compiler [S99]] - System.err - at scala.collection.TraversableLike$WithFilter$$anonfun$foreach$1.apply(TraversableLike.scala:772)
2014-07-27 11:30:41,054 ERROR [Scala Presentation Compiler [S99]] - System.err - at scala.collection.immutable.List.foreach(List.scala:318)
2014-07-27 11:30:41,054 ERROR [Scala Presentation Compiler [S99]] - System.err - at scala.collection.TraversableLike$WithFilter.foreach(TraversableLike.scala:771)
2014-07-27 11:30:41,054 ERROR [Scala Presentation Compiler [S99]] - System.err - at scala.tools.nsc.interactive.Global.backgroundCompile(Global.scala:504)
2014-07-27 11:30:41,054 ERROR [Scala Presentation Compiler [S99]] - System.err - at scala.tools.nsc.interactive.PresentationCompilerThread.run(PresentationCompilerThread.scala:25)
2014-07-27 11:30:41,055 ERROR [main] - org.scala-ide.sdt.core - org.scala-ide.sdt.core - org.scala-ide.sdt.core - 0 - AT: RangePosition(/S99/src/source/test.scala, 690, 696, 707)
scala.MatchError: false (of class scala.reflect.internal.Trees$Literal)
	at scala.tools.nsc.typechecker.Macros$MacroImplBinding$.unpickleAtom(Macros.scala:118)
	at scala.tools.nsc.typechecker.Macros$MacroImplBinding$$anonfun$6.apply(Macros.scala:186)
	at scala.tools.nsc.typechecker.Macros$MacroImplBinding$$anonfun$6.apply(Macros.scala:186)
	at scala.collection.TraversableLike$$anonfun$map$1.apply(TraversableLike.scala:244)
	at scala.collection.TraversableLike$$anonfun$map$1.apply(TraversableLike.scala:244)
	at scala.collection.immutable.List.foreach(List.scala:318)
	at scala.collection.TraversableLike$class.map(TraversableLike.scala:244)
	at scala.collection.AbstractTraversable.map(Traversable.scala:105)
	at scala.tools.nsc.typechecker.Macros$MacroImplBinding$.unpickle(Macros.scala:186)
	at scala.tools.nsc.typechecker.Macros$class.scala$tools$nsc$typechecker$Macros$$loadMacroImplBinding(Macros.scala:205)
	at scala.tools.nsc.typechecker.Macros$$anonfun$scala$tools$nsc$typechecker$Macros$$macroRuntime$3.apply(Macros.scala:522)
	at scala.tools.nsc.typechecker.Macros$$anonfun$scala$tools$nsc$typechecker$Macros$$macroRuntime$3.apply(Macros.scala:521)
	at scala.collection.mutable.MapLike$class.getOrElseUpdate(MapLike.scala:189)
	at scala.collection.mutable.AbstractMap.getOrElseUpdate(Map.scala:91)
	at scala.tools.nsc.typechecker.Macros$class.scala$tools$nsc$typechecker$Macros$$macroRuntime(Macros.scala:521)
	at scala.tools.nsc.typechecker.Macros$$anonfun$scala$tools$nsc$typechecker$Macros$$macroExpand1$1.apply(Macros.scala:795)
	at scala.tools.nsc.typechecker.Macros$$anonfun$scala$tools$nsc$typechecker$Macros$$macroExpand1$1.apply(Macros.scala:787)
	at scala.tools.nsc.Global.withInfoLevel(Global.scala:190)
	at scala.tools.nsc.typechecker.Macros$class.scala$tools$nsc$typechecker$Macros$$macroExpand1(Macros.scala:787)
	at scala.tools.nsc.typechecker.Macros$class.macroExpand(Macros.scala:701)
	at scala.tools.nsc.Global$$anon$1.macroExpand(Global.scala:493)
	at scala.tools.nsc.typechecker.Typers$Typer.adapt(Typers.scala:1152)
	at scala.tools.nsc.typechecker.Typers$Typer.typed(Typers.scala:5660)
	at scala.tools.nsc.typechecker.Typers$Typer.typedBlock(Typers.scala:2433)
	at scala.tools.nsc.typechecker.Typers$Typer.typed1(Typers.scala:5570)
	at scala.tools.nsc.typechecker.Typers$Typer.typed(Typers.scala:5642)
	at scala.tools.nsc.typechecker.Typers$Typer.typedArg(Typers.scala:3042)
	at scala.tools.nsc.typechecker.Typers$Typer.loop$1(Typers.scala:3069)
	at scala.tools.nsc.typechecker.Typers$Typer.typedArgs(Typers.scala:3074)
	at scala.tools.nsc.typechecker.Typers$Typer.scala$tools$nsc$typechecker$Typers$Typer$$handleMonomorphicCall$1(Typers.scala:3354)
	at scala.tools.nsc.typechecker.Typers$Typer.doTypedApply(Typers.scala:3398)
	at scala.tools.nsc.typechecker.Typers$Typer.normalTypedApply$1(Typers.scala:4627)
	at scala.tools.nsc.typechecker.Typers$Typer.typedApply$1(Typers.scala:4659)
	at scala.tools.nsc.typechecker.Typers$Typer.typed1(Typers.scala:5564)
	at scala.tools.nsc.typechecker.Typers$Typer.typed(Typers.scala:5642)
	at scala.tools.nsc.typechecker.Typers$Typer.scala$tools$nsc$typechecker$Typers$Typer$$typedStat$1(Typers.scala:2928)
	at scala.tools.nsc.typechecker.Typers$Typer$$anonfun$61.apply(Typers.scala:3032)
	at scala.tools.nsc.typechecker.Typers$Typer$$anonfun$61.apply(Typers.scala:3032)
	at scala.collection.immutable.List.loop$1(List.scala:170)
	at scala.collection.immutable.List.mapConserve(List.scala:186)
	at scala.tools.nsc.typechecker.Typers$Typer.typedStats(Typers.scala:3032)
	at scala.tools.nsc.typechecker.Typers$Typer.typedTemplate(Typers.scala:1919)
	at scala.tools.nsc.typechecker.Typers$Typer.typedClassDef(Typers.scala:1759)
	at scala.tools.nsc.typechecker.Typers$Typer.typed1(Typers.scala:5583)
	at scala.tools.nsc.typechecker.Typers$Typer.typed(Typers.scala:5642)
	at scala.tools.nsc.typechecker.Typers$Typer.scala$tools$nsc$typechecker$Typers$Typer$$typedStat$1(Typers.scala:2928)
	at scala.tools.nsc.typechecker.Typers$Typer$$anonfun$61.apply(Typers.scala:3032)
	at scala.tools.nsc.typechecker.Typers$Typer$$anonfun$61.apply(Typers.scala:3032)
	at scala.collection.immutable.List.loop$1(List.scala:170)
	at scala.collection.immutable.List.mapConserve(List.scala:186)
	at scala.tools.nsc.typechecker.Typers$Typer.typedStats(Typers.scala:3032)
	at scala.tools.nsc.typechecker.Typers$Typer.typedPackageDef$1(Typers.scala:5301)
	at scala.tools.nsc.typechecker.Typers$Typer.typed1(Typers.scala:5587)
	at scala.tools.nsc.typechecker.Typers$Typer.typed(Typers.scala:5642)
	at scala.tools.nsc.typechecker.Typers$Typer.typed(Typers.scala:5704)
	at scala.tools.nsc.typechecker.Analyzer$typerFactory$$anon$3.apply(Analyzer.scala:99)
	at scala.tools.nsc.Global$GlobalPhase.applyPhase(Global.scala:464)
	at scala.tools.nsc.interactive.Global$TyperRun$$anonfun$applyPhase$1.apply(Global.scala:1173)
	at scala.tools.nsc.interactive.Global$TyperRun$$anonfun$applyPhase$1.apply(Global.scala:1173)
	at scala.reflect.internal.SymbolTable.atPhase(SymbolTable.scala:207)
	at scala.tools.nsc.interactive.Global$TyperRun.applyPhase(Global.scala:1173)
	at scala.tools.nsc.interactive.Global$TyperRun.typeCheck(Global.scala:1166)
	at scala.tools.nsc.interactive.Global.scala$tools$nsc$interactive$Global$$typeCheck(Global.scala:592)
	at scala.tools.nsc.interactive.Global$$anonfun$backgroundCompile$5$$anonfun$apply$7.apply(Global.scala:508)
	at scala.tools.nsc.interactive.Global$$anonfun$backgroundCompile$5.apply(Global.scala:504)
	at scala.tools.nsc.interactive.Global$$anonfun$backgroundCompile$5.apply(Global.scala:504)
	at scala.collection.TraversableLike$WithFilter$$anonfun$foreach$1.apply(TraversableLike.scala:772)
	at scala.collection.immutable.List.foreach(List.scala:318)
	at scala.collection.TraversableLike$WithFilter.foreach(TraversableLike.scala:771)
	at scala.tools.nsc.interactive.Global.backgroundCompile(Global.scala:504)
	at scala.tools.nsc.interactive.PresentationCompilerThread.run(PresentationCompilerThread.scala:25)
2014-07-27 11:30:41,936 ERROR [org.eclipse.jdt.internal.ui.text.JavaReconciler] - ImplicitHighlightingPresenter - scala.MatchError: false (of class scala.reflect.internal.Trees$Literal)
2014-07-27 11:30:45,693 ERROR [main] - ImplicitHighlightingPresenter - scala.MatchError: false (of class scala.reflect.internal.Trees$Literal)
2014-07-27 11:30:45,695 ERROR [main] - ImplicitHighlightingPresenter - scala.MatchError: false (of class scala.reflect.internal.Trees$Literal)
2014-07-27 11:30:45,743 ERROR [main] - ImplicitHighlightingPresenter - scala.MatchError: false (of class scala.reflect.internal.Trees$Literal)
2014-07-27 11:30:45,744 ERROR [main] - ImplicitHighlightingPresenter - scala.MatchError: false (of class scala.reflect.internal.Trees$Literal)
2014-07-27 11:30:46,308 ERROR [main] - ImplicitHighlightingPresenter - scala.MatchError: false (of class scala.reflect.internal.Trees$Literal)
2014-07-27 11:30:46,309 ERROR [main] - ImplicitHighlightingPresenter - scala.MatchError: false (of class scala.reflect.internal.Trees$Literal)
2014-07-27 11:30:46,320 ERROR [main] - ImplicitHighlightingPresenter - scala.MatchError: false (of class scala.reflect.internal.Trees$Literal)
2014-07-27 11:30:46,332 ERROR [main] - ImplicitHighlightingPresenter - scala.MatchError: false (of class scala.reflect.internal.Trees$Literal)
2014-07-27 11:30:46,337 ERROR [main] - ImplicitHighlightingPresenter - scala.MatchError: false (of class scala.reflect.internal.Trees$Literal)
2014-07-27 11:30:46,342 ERROR [main] - ImplicitHighlightingPresenter - scala.MatchError: false (of class scala.reflect.internal.Trees$Literal)
2014-07-27 11:31:04,641 ERROR [main] - ImplicitHighlightingPresenter - scala.MatchError: false (of class scala.reflect.internal.Trees$Literal)
2014-07-27 11:31:04,643 ERROR [main] - ImplicitHighlightingPresenter - scala.MatchError: false (of class scala.reflect.internal.Trees$Literal)
2014-07-27 11:31:04,689 ERROR [main] - ImplicitHighlightingPresenter - scala.MatchError: false (of class scala.reflect.internal.Trees$Literal)
2014-07-27 11:31:04,691 ERROR [main] - ImplicitHighlightingPresenter - scala.MatchError: false (of class scala.reflect.internal.Trees$Literal)
2014-07-27 11:31:05,097 ERROR [main] - ImplicitHighlightingPresenter - scala.MatchError: false (of class scala.reflect.internal.Trees$Literal)
2014-07-27 11:31:05,098 ERROR [main] - ImplicitHighlightingPresenter - scala.MatchError: false (of class scala.reflect.internal.Trees$Literal)
2014-07-27 11:31:05,112 ERROR [main] - ImplicitHighlightingPresenter - scala.MatchError: false (of class scala.reflect.internal.Trees$Literal)
2014-07-27 11:31:05,133 ERROR [main] - ImplicitHighlightingPresenter - scala.MatchError: false (of class scala.reflect.internal.Trees$Literal)
2014-07-27 11:31:05,139 ERROR [main] - ImplicitHighlightingPresenter - scala.MatchError: false (of class scala.reflect.internal.Trees$Literal)
2014-07-27 11:31:05,143 ERROR [main] - ImplicitHighlightingPresenter - scala.MatchError: false (of class scala.reflect.internal.Trees$Literal)
2014-07-27 11:31:09,632 ERROR [main] - ImplicitHighlightingPresenter - scala.MatchError: false (of class scala.reflect.internal.Trees$Literal)
2014-07-27 11:31:09,634 ERROR [main] - ImplicitHighlightingPresenter - scala.MatchError: false (of class scala.reflect.internal.Trees$Literal)
2014-07-27 11:31:09,673 ERROR [main] - ImplicitHighlightingPresenter - scala.MatchError: false (of class scala.reflect.internal.Trees$Literal)
2014-07-27 11:31:09,673 ERROR [main] - ImplicitHighlightingPresenter - scala.MatchError: false (of class scala.reflect.internal.Trees$Literal)
2014-07-27 11:31:10,772 ERROR [main] - ImplicitHighlightingPresenter - scala.MatchError: false (of class scala.reflect.internal.Trees$Literal)
2014-07-27 11:31:10,773 ERROR [main] - ImplicitHighlightingPresenter - scala.MatchError: false (of class scala.reflect.internal.Trees$Literal)
2014-07-27 11:31:14,218 ERROR [main] - ImplicitHighlightingPresenter - scala.MatchError: false (of class scala.reflect.internal.Trees$Literal)
2014-07-27 11:31:14,219 ERROR [main] - ImplicitHighlightingPresenter - scala.MatchError: false (of class scala.reflect.internal.Trees$Literal)
2014-07-27 11:32:14,977 ERROR [org.eclipse.jdt.internal.ui.text.JavaReconciler] - ImplicitHighlightingPresenter - scala.MatchError: false (of class scala.reflect.internal.Trees$Literal)
2014-07-27 11:32:15,981 ERROR [org.eclipse.jdt.internal.ui.text.JavaReconciler] - ImplicitHighlightingPresenter - scala.MatchError: false (of class scala.reflect.internal.Trees$Literal)
2014-07-27 11:32:16,615 ERROR [main] - ImplicitHighlightingPresenter - scala.MatchError: false (of class scala.reflect.internal.Trees$Literal)
2014-07-27 11:32:16,617 ERROR [main] - ImplicitHighlightingPresenter - scala.MatchError: false (of class scala.reflect.internal.Trees$Literal)
2014-07-27 11:32:16,651 ERROR [main] - ImplicitHighlightingPresenter - scala.MatchError: false (of class scala.reflect.internal.Trees$Literal)
2014-07-27 11:32:16,652 ERROR [main] - ImplicitHighlightingPresenter - scala.MatchError: false (of class scala.reflect.internal.Trees$Literal)
2014-07-27 11:32:18,698 ERROR [main] - ImplicitHighlightingPresenter - scala.MatchError: false (of class scala.reflect.internal.Trees$Literal)
2014-07-27 11:32:18,699 ERROR [main] - ImplicitHighlightingPresenter - scala.MatchError: false (of class scala.reflect.internal.Trees$Literal)
2014-07-27 11:32:18,710 ERROR [main] - ImplicitHighlightingPresenter - scala.MatchError: false (of class scala.reflect.internal.Trees$Literal)
2014-07-27 11:32:18,718 ERROR [main] - ImplicitHighlightingPresenter - scala.MatchError: false (of class scala.reflect.internal.Trees$Literal)
2014-07-27 11:32:18,723 ERROR [main] - ImplicitHighlightingPresenter - scala.MatchError: false (of class scala.reflect.internal.Trees$Literal)
2014-07-27 11:32:18,726 ERROR [main] - ImplicitHighlightingPresenter - scala.MatchError: false (of class scala.reflect.internal.Trees$Literal)
2014-07-27 11:32:45,885 ERROR [main] - ImplicitHighlightingPresenter - scala.MatchError: false (of class scala.reflect.internal.Trees$Literal)
2014-07-27 11:32:45,885 ERROR [main] - ImplicitHighlightingPresenter - scala.MatchError: false (of class scala.reflect.internal.Trees$Literal)
2014-07-27 11:32:46,236 ERROR [main] - ImplicitHighlightingPresenter - scala.MatchError: false (of class scala.reflect.internal.Trees$Literal)
2014-07-27 11:32:46,236 ERROR [main] - ImplicitHighlightingPresenter - scala.MatchError: false (of class scala.reflect.internal.Trees$Literal)
2014-07-27 11:34:05,121 ERROR [org.eclipse.jdt.internal.ui.text.JavaReconciler] - ImplicitHighlightingPresenter - scala.MatchError: false (of class scala.reflect.internal.Trees$Literal)
2014-07-27 11:34:05,122 ERROR [org.eclipse.jdt.internal.ui.text.JavaReconciler] - ImplicitHighlightingPresenter - scala.MatchError: false (of class scala.reflect.internal.Trees$Literal)
2014-07-27 11:34:06,709 ERROR [org.eclipse.jdt.internal.ui.text.JavaReconciler] - ImplicitHighlightingPresenter - scala.MatchError: false (of class scala.reflect.internal.Trees$Literal)
2014-07-27 11:34:06,714 ERROR [org.eclipse.jdt.internal.ui.text.JavaReconciler] - ImplicitHighlightingPresenter - scala.MatchError: false (of class scala.reflect.internal.Trees$Literal)
2014-07-27 11:38:34,255 ERROR [main] - ImplicitHighlightingPresenter - scala.MatchError: false (of class scala.reflect.internal.Trees$Literal)
2014-07-27 11:38:34,800 ERROR [org.eclipse.jdt.internal.ui.text.JavaReconciler] - ImplicitHighlightingPresenter - scala.MatchError: false (of class scala.reflect.internal.Trees$Literal)
2014-07-27 11:39:09,376 ERROR [org.eclipse.jdt.internal.ui.text.JavaReconciler] - ImplicitHighlightingPresenter - scala.MatchError: false (of class scala.reflect.internal.Trees$Literal)
2014-07-27 11:39:09,382 ERROR [org.eclipse.jdt.internal.ui.text.JavaReconciler] - ImplicitHighlightingPresenter - scala.MatchError: false (of class scala.reflect.internal.Trees$Literal)
2014-07-27 11:42:27,817 ERROR [main] - ImplicitHighlightingPresenter - scala.MatchError: false (of class scala.reflect.internal.Trees$Literal)
2014-07-27 11:42:27,818 ERROR [main] - ImplicitHighlightingPresenter - scala.MatchError: false (of class scala.reflect.internal.Trees$Literal)
2014-07-27 11:42:27,842 ERROR [main] - ImplicitHighlightingPresenter - scala.MatchError: false (of class scala.reflect.internal.Trees$Literal)
2014-07-27 11:42:27,843 ERROR [main] - ImplicitHighlightingPresenter - scala.MatchError: false (of class scala.reflect.internal.Trees$Literal)
2014-07-27 11:53:14,397  WARN [ModalContext] - ImplicitHighlightingPresenter - Timeout while waiting for `askLoadedTyped` during implicit highlighting.
2014-07-27 12:02:36,145 ERROR [Worker-7] - System.err - SLF4J: Failed to load class "org.slf4j.impl.StaticLoggerBinder".
2014-07-27 12:02:36,147 ERROR [Worker-7] - System.err - SLF4J: Defaulting to no-operation (NOP) logger implementation
2014-07-27 12:02:36,147 ERROR [Worker-7] - System.err - SLF4J: See http://www.slf4j.org/codes.html#StaticLoggerBinder for further details.
2014-07-27 12:03:39,034 ERROR [main] - org.scala-ide.sdt.core - org.scala-ide.sdt.core - org.scala-ide.sdt.core - 0 - Error during askOption
scala.reflect.internal.MissingRequirementError: class source.test in compiler mirror not found.
	at scala.reflect.internal.MissingRequirementError$.signal(MissingRequirementError.scala:16)
	at scala.reflect.internal.MissingRequirementError$.notFound(MissingRequirementError.scala:17)
	at scala.reflect.internal.Mirrors$RootsBase.getModuleOrClass(Mirrors.scala:48)
	at scala.reflect.internal.Mirrors$RootsBase.getModuleOrClass(Mirrors.scala:61)
	at scala.reflect.internal.Mirrors$RootsBase.getClassByName(Mirrors.scala:99)
	at scala.reflect.internal.Definitions$DefinitionsClass.getClass(Definitions.scala:1031)
	at scala.tools.eclipse.launching.JUnit4TestFinder$$anonfun$1$$anonfun$apply$1$$anonfun$apply$2.apply(JUnit4TestFinder.scala:102)
	at scala.tools.eclipse.launching.JUnit4TestFinder$$anonfun$1$$anonfun$apply$1$$anonfun$apply$2.apply(JUnit4TestFinder.scala:100)
	at scala.tools.nsc.util.InterruptReq.execute(InterruptReq.scala:26)
	at scala.tools.nsc.interactive.Global.pollForWork(Global.scala:346)
	at scala.tools.nsc.interactive.PresentationCompilerThread.run(PresentationCompilerThread.scala:22)
2014-07-27 14:29:07,953  WARN [main] - ImplicitHighlightingPresenter - Timeout while waiting for `askLoadedTyped` during implicit highlighting.
2014-07-27 14:29:08,154  WARN [main] - ImplicitHighlightingPresenter - Timeout while waiting for `askLoadedTyped` during implicit highlighting.
